# JRE version: OpenJDK Runtime Environment (17.0.7) (build 17.0.7+0-b2043.56-10550314)
# Java VM: OpenJDK 64-Bit Server VM (17.0.7+0-b2043.56-10550314, mixed mode, tiered, compressed oops, compressed class ptrs, g1 gc, windows-amd64)
GC Precious Log:
 CPUs: 12 total, 12 available
 Memory: 7514M
 Large Page Support: Disabled
 NUMA Support: Disabled
 Compressed Oops: Enabled (32-bit)
 Heap Region Size: 1M
 Heap Min Capacity: 8M
 Heap Initial Capacity: 118M
 Heap Max Capacity: 1880M
 Pre-touch: Disabled
 Parallel Workers: 10
 Concurrent Workers: 3
 Concurrent Refinement Workers: 10
 Periodic GC: Disabled
Heap:
 garbage-first heap   total 120832K, used 62332K [0x000000008a800000, 0x0000000100000000)
  region size 1024K, 3 young (3072K), 3 survivors (3072K)
 Metaspace       used 63541K, committed 63808K, reserved 1114112K
  class space    used 7408K, committed 7552K, reserved 1048576K
GC Heap History (20 events):
Event: 3.011 GC heap after
{Heap after GC invocations=12 (full 0):
 garbage-first heap   total 84992K, used 32720K [0x000000008a800000, 0x0000000100000000)
  region size 1024K, 3 young (3072K), 3 survivors (3072K)
 Metaspace       used 48958K, committed 49152K, reserved 1114112K
  class space    used 6001K, committed 6080K, reserved 1048576K
}
Event: 3.350 GC heap before
{Heap before GC invocations=12 (full 0):
 garbage-first heap   total 84992K, used 62416K [0x000000008a800000, 0x0000000100000000)
  region size 1024K, 32 young (32768K), 3 survivors (3072K)
 Metaspace       used 51554K, committed 51776K, reserved 1114112K
  class space    used 6261K, committed 6336K, reserved 1048576K
}
Event: 3.360 GC heap after
{Heap after GC invocations=13 (full 0):
 garbage-first heap   total 84992K, used 36430K [0x000000008a800000, 0x0000000100000000)
  region size 1024K, 4 young (4096K), 4 survivors (4096K)
 Metaspace       used 51554K, committed 51776K, reserved 1114112K
  class space    used 6261K, committed 6336K, reserved 1048576K
}
Event: 3.705 GC heap before
{Heap before GC invocations=13 (full 0):
 garbage-first heap   total 84992K, used 64078K [0x000000008a800000, 0x0000000100000000)
  region size 1024K, 31 young (31744K), 4 survivors (4096K)
 Metaspace       used 53650K, committed 53888K, reserved 1114112K
  class space    used 6485K, committed 6592K, reserved 1048576K
}
Event: 3.716 GC heap after
{Heap after GC invocations=14 (full 0):
 garbage-first heap   total 84992K, used 40608K [0x000000008a800000, 0x0000000100000000)
  region size 1024K, 4 young (4096K), 4 survivors (4096K)
 Metaspace       used 53650K, committed 53888K, reserved 1114112K
  class space    used 6485K, committed 6592K, reserved 1048576K
}
Event: 4.210 GC heap before
{Heap before GC invocations=14 (full 0):
 garbage-first heap   total 84992K, used 64160K [0x000000008a800000, 0x0000000100000000)
  region size 1024K, 27 young (27648K), 4 survivors (4096K)
 Metaspace       used 57262K, committed 57600K, reserved 1114112K
  class space    used 6887K, committed 7040K, reserved 1048576K
}
Event: 4.222 GC heap after
{Heap after GC invocations=15 (full 0):
 garbage-first heap   total 84992K, used 44798K [0x000000008a800000, 0x0000000100000000)
  region size 1024K, 4 young (4096K), 4 survivors (4096K)
 Metaspace       used 57262K, committed 57600K, reserved 1114112K
  class space    used 6887K, committed 7040K, reserved 1048576K
}
Event: 4.517 GC heap before
{Heap before GC invocations=15 (full 0):
 garbage-first heap   total 84992K, used 66302K [0x000000008a800000, 0x0000000100000000)
  region size 1024K, 25 young (25600K), 4 survivors (4096K)
 Metaspace       used 57782K, committed 58048K, reserved 1114112K
  class space    used 6905K, committed 7040K, reserved 1048576K
}
Event: 4.528 GC heap after
{Heap after GC invocations=16 (full 0):
 garbage-first heap   total 106496K, used 48837K [0x000000008a800000, 0x0000000100000000)
  region size 1024K, 4 young (4096K), 4 survivors (4096K)
 Metaspace       used 57782K, committed 58048K, reserved 1114112K
  class space    used 6905K, committed 7040K, reserved 1048576K
}
Event: 5.016 GC heap before
{Heap before GC invocations=17 (full 0):
 garbage-first heap   total 106496K, used 80581K [0x000000008a800000, 0x0000000100000000)
  region size 1024K, 35 young (35840K), 4 survivors (4096K)
 Metaspace       used 59668K, committed 59968K, reserved 1114112K
  class space    used 7155K, committed 7296K, reserved 1048576K
}
Event: 5.028 GC heap after
{Heap after GC invocations=18 (full 0):
 garbage-first heap   total 106496K, used 52224K [0x000000008a800000, 0x0000000100000000)
  region size 1024K, 3 young (3072K), 3 survivors (3072K)
 Metaspace       used 59668K, committed 59968K, reserved 1114112K
  class space    used 7155K, committed 7296K, reserved 1048576K
}
Event: 5.104 GC heap before
{Heap before GC invocations=18 (full 0):
 garbage-first heap   total 106496K, used 54272K [0x000000008a800000, 0x0000000100000000)
  region size 1024K, 5 young (5120K), 3 survivors (3072K)
 Metaspace       used 59928K, committed 60224K, reserved 1114112K
  class space    used 7183K, committed 7360K, reserved 1048576K
}
Event: 5.109 GC heap after
{Heap after GC invocations=19 (full 0):
 garbage-first heap   total 106496K, used 52199K [0x000000008a800000, 0x0000000100000000)
  region size 1024K, 1 young (1024K), 1 survivors (1024K)
 Metaspace       used 59928K, committed 60224K, reserved 1114112K
  class space    used 7183K, committed 7360K, reserved 1048576K
}
Event: 5.578 GC heap before
{Heap before GC invocations=19 (full 0):
 garbage-first heap   total 106496K, used 81895K [0x000000008a800000, 0x0000000100000000)
  region size 1024K, 30 young (30720K), 1 survivors (1024K)
 Metaspace       used 61355K, committed 61632K, reserved 1114112K
  class space    used 7280K, committed 7424K, reserved 1048576K
}
Event: 5.585 GC heap after
{Heap after GC invocations=20 (full 0):
 garbage-first heap   total 106496K, used 55994K [0x000000008a800000, 0x0000000100000000)
  region size 1024K, 4 young (4096K), 4 survivors (4096K)
 Metaspace       used 61355K, committed 61632K, reserved 1114112K
  class space    used 7280K, committed 7424K, reserved 1048576K
}
Event: 5.981 GC heap before
{Heap before GC invocations=21 (full 0):
 garbage-first heap   total 106496K, used 84666K [0x000000008a800000, 0x0000000100000000)
  region size 1024K, 31 young (31744K), 4 survivors (4096K)
 Metaspace       used 62497K, committed 62848K, reserved 1114112K
  class space    used 7367K, committed 7552K, reserved 1048576K
}
Event: 5.990 GC heap after
{Heap after GC invocations=22 (full 0):
 garbage-first heap   total 106496K, used 59729K [0x000000008a800000, 0x0000000100000000)
  region size 1024K, 4 young (4096K), 4 survivors (4096K)
 Metaspace       used 62497K, committed 62848K, reserved 1114112K
  class space    used 7367K, committed 7552K, reserved 1048576K
}
Event: 6.006 GC heap before
{Heap before GC invocations=22 (full 0):
 garbage-first heap   total 106496K, used 60753K [0x000000008a800000, 0x0000000100000000)
  region size 1024K, 5 young (5120K), 4 survivors (4096K)
 Metaspace       used 62532K, committed 62848K, reserved 1114112K
  class space    used 7373K, committed 7552K, reserved 1048576K
}
Event: 6.012 GC heap after
{Heap after GC invocations=23 (full 0):
 garbage-first heap   total 106496K, used 60027K [0x000000008a800000, 0x0000000100000000)
  region size 1024K, 1 young (1024K), 1 survivors (1024K)
 Metaspace       used 62532K, committed 62848K, reserved 1114112K
  class space    used 7373K, committed 7552K, reserved 1048576K
}
Event: 6.574 GC heap before
{Heap before GC invocations=23 (full 0):
 garbage-first heap   total 106496K, used 84603K [0x000000008a800000, 0x0000000100000000)
  region size 1024K, 25 young (25600K), 1 survivors (1024K)
 Metaspace       used 63541K, committed 63808K, reserved 1114112K
  class space    used 7408K, committed 7552K, reserved 1048576K
}

