# JRE version: OpenJDK Runtime Environment (17.0.7) (build 17.0.7+0-b2043.56-10550314)
# Java VM: OpenJDK 64-Bit Server VM (17.0.7+0-b2043.56-10550314, mixed mode, tiered, compressed oops, compressed class ptrs, g1 gc, windows-amd64)
GC Precious Log:
 CPUs: 12 total, 12 available
 Memory: 7514M
 Large Page Support: Disabled
 NUMA Support: Disabled
 Compressed Oops: Enabled (32-bit)
 Heap Region Size: 1M
 Heap Min Capacity: 8M
 Heap Initial Capacity: 118M
 Heap Max Capacity: 1880M
 Pre-touch: Disabled
 Parallel Workers: 10
 Concurrent Workers: 3
 Concurrent Refinement Workers: 10
 Periodic GC: Disabled
Heap:
 garbage-first heap   total 120832K, used 62271K [0x000000008a800000, 0x0000000100000000)
  region size 1024K, 4 young (4096K), 4 survivors (4096K)
 Metaspace       used 63521K, committed 63808K, reserved 1114112K
  class space    used 7405K, committed 7552K, reserved 1048576K
GC Heap History (20 events):
Event: 2.954 GC heap after
{Heap after GC invocations=12 (full 0):
 garbage-first heap   total 84992K, used 34139K [0x000000008a800000, 0x0000000100000000)
  region size 1024K, 4 young (4096K), 4 survivors (4096K)
 Metaspace       used 48873K, committed 49024K, reserved 1114112K
  class space    used 5999K, committed 6080K, reserved 1048576K
}
Event: 3.282 GC heap before
{Heap before GC invocations=12 (full 0):
 garbage-first heap   total 84992K, used 61787K [0x000000008a800000, 0x0000000100000000)
  region size 1024K, 31 young (31744K), 4 survivors (4096K)
 Metaspace       used 50918K, committed 51136K, reserved 1114112K
  class space    used 6195K, committed 6272K, reserved 1048576K
}
Event: 3.291 GC heap after
{Heap after GC invocations=13 (full 0):
 garbage-first heap   total 84992K, used 35488K [0x000000008a800000, 0x0000000100000000)
  region size 1024K, 3 young (3072K), 3 survivors (3072K)
 Metaspace       used 50918K, committed 51136K, reserved 1114112K
  class space    used 6195K, committed 6272K, reserved 1048576K
}
Event: 3.622 GC heap before
{Heap before GC invocations=13 (full 0):
 garbage-first heap   total 84992K, used 63136K [0x000000008a800000, 0x0000000100000000)
  region size 1024K, 30 young (30720K), 3 survivors (3072K)
 Metaspace       used 53284K, committed 53504K, reserved 1114112K
  class space    used 6448K, committed 6528K, reserved 1048576K
}
Event: 3.633 GC heap after
{Heap after GC invocations=14 (full 0):
 garbage-first heap   total 84992K, used 39813K [0x000000008a800000, 0x0000000100000000)
  region size 1024K, 4 young (4096K), 4 survivors (4096K)
 Metaspace       used 53284K, committed 53504K, reserved 1114112K
  class space    used 6448K, committed 6528K, reserved 1048576K
}
Event: 4.142 GC heap before
{Heap before GC invocations=14 (full 0):
 garbage-first heap   total 84992K, used 64389K [0x000000008a800000, 0x0000000100000000)
  region size 1024K, 28 young (28672K), 4 survivors (4096K)
 Metaspace       used 57126K, committed 57472K, reserved 1114112K
  class space    used 6885K, committed 7040K, reserved 1048576K
}
Event: 4.156 GC heap after
{Heap after GC invocations=15 (full 0):
 garbage-first heap   total 84992K, used 44287K [0x000000008a800000, 0x0000000100000000)
  region size 1024K, 4 young (4096K), 4 survivors (4096K)
 Metaspace       used 57126K, committed 57472K, reserved 1114112K
  class space    used 6885K, committed 7040K, reserved 1048576K
}
Event: 4.521 GC heap before
{Heap before GC invocations=15 (full 0):
 garbage-first heap   total 84992K, used 64767K [0x000000008a800000, 0x0000000100000000)
  region size 1024K, 24 young (24576K), 4 survivors (4096K)
 Metaspace       used 57599K, committed 57920K, reserved 1114112K
  class space    used 6892K, committed 7040K, reserved 1048576K
}
Event: 4.533 GC heap after
{Heap after GC invocations=16 (full 0):
 garbage-first heap   total 108544K, used 47773K [0x000000008a800000, 0x0000000100000000)
  region size 1024K, 3 young (3072K), 3 survivors (3072K)
 Metaspace       used 57599K, committed 57920K, reserved 1114112K
  class space    used 6892K, committed 7040K, reserved 1048576K
}
Event: 4.952 GC heap before
{Heap before GC invocations=17 (full 0):
 garbage-first heap   total 108544K, used 81565K [0x000000008a800000, 0x0000000100000000)
  region size 1024K, 36 young (36864K), 3 survivors (3072K)
 Metaspace       used 59043K, committed 59328K, reserved 1114112K
  class space    used 7081K, committed 7232K, reserved 1048576K
}
Event: 4.964 GC heap after
{Heap after GC invocations=18 (full 0):
 garbage-first heap   total 108544K, used 51986K [0x000000008a800000, 0x0000000100000000)
  region size 1024K, 4 young (4096K), 4 survivors (4096K)
 Metaspace       used 59043K, committed 59328K, reserved 1114112K
  class space    used 7081K, committed 7232K, reserved 1048576K
}
Event: 4.965 GC heap before
{Heap before GC invocations=18 (full 0):
 garbage-first heap   total 108544K, used 53010K [0x000000008a800000, 0x0000000100000000)
  region size 1024K, 5 young (5120K), 4 survivors (4096K)
 Metaspace       used 59043K, committed 59328K, reserved 1114112K
  class space    used 7081K, committed 7232K, reserved 1048576K
}
Event: 4.970 GC heap after
{Heap after GC invocations=19 (full 0):
 garbage-first heap   total 108544K, used 51914K [0x000000008a800000, 0x0000000100000000)
  region size 1024K, 1 young (1024K), 1 survivors (1024K)
 Metaspace       used 59043K, committed 59328K, reserved 1114112K
  class space    used 7081K, committed 7232K, reserved 1048576K
}
Event: 5.531 GC heap before
{Heap before GC invocations=19 (full 0):
 garbage-first heap   total 108544K, used 83658K [0x000000008a800000, 0x0000000100000000)
  region size 1024K, 32 young (32768K), 1 survivors (1024K)
 Metaspace       used 61075K, committed 61376K, reserved 1114112K
  class space    used 7263K, committed 7424K, reserved 1048576K
}
Event: 5.538 GC heap after
{Heap after GC invocations=20 (full 0):
 garbage-first heap   total 108544K, used 55650K [0x000000008a800000, 0x0000000100000000)
  region size 1024K, 4 young (4096K), 4 survivors (4096K)
 Metaspace       used 61075K, committed 61376K, reserved 1114112K
  class space    used 7263K, committed 7424K, reserved 1048576K
}
Event: 5.974 GC heap before
{Heap before GC invocations=21 (full 0):
 garbage-first heap   total 108544K, used 85346K [0x000000008a800000, 0x0000000100000000)
  region size 1024K, 32 young (32768K), 4 survivors (4096K)
 Metaspace       used 62374K, committed 62656K, reserved 1114112K
  class space    used 7364K, committed 7488K, reserved 1048576K
}
Event: 5.984 GC heap after
{Heap after GC invocations=22 (full 0):
 garbage-first heap   total 108544K, used 59722K [0x000000008a800000, 0x0000000100000000)
  region size 1024K, 4 young (4096K), 4 survivors (4096K)
 Metaspace       used 62374K, committed 62656K, reserved 1114112K
  class space    used 7364K, committed 7488K, reserved 1048576K
}
Event: 6.001 GC heap before
{Heap before GC invocations=22 (full 0):
 garbage-first heap   total 108544K, used 60746K [0x000000008a800000, 0x0000000100000000)
  region size 1024K, 5 young (5120K), 4 survivors (4096K)
 Metaspace       used 62398K, committed 62656K, reserved 1114112K
  class space    used 7364K, committed 7488K, reserved 1048576K
}
Event: 6.006 GC heap after
{Heap after GC invocations=23 (full 0):
 garbage-first heap   total 108544K, used 59709K [0x000000008a800000, 0x0000000100000000)
  region size 1024K, 1 young (1024K), 1 survivors (1024K)
 Metaspace       used 62398K, committed 62656K, reserved 1114112K
  class space    used 7364K, committed 7488K, reserved 1048576K
}
Event: 6.619 GC heap before
{Heap before GC invocations=23 (full 0):
 garbage-first heap   total 108544K, used 86333K [0x000000008a800000, 0x0000000100000000)
  region size 1024K, 27 young (27648K), 1 survivors (1024K)
 Metaspace       used 63521K, committed 63808K, reserved 1114112K
  class space    used 7405K, committed 7552K, reserved 1048576K
}

